0 !!!
[nltk_data] Downloading package reuters to ../data...
[nltk_data]   Package reuters is already up-to-date!
Better speed can be achieved with apex installed from https://www.github.com/nvidia/apex.
Test AUC: 94.41%
[nltk_data] Downloading package reuters to ../data...
[nltk_data]   Package reuters is already up-to-date!
Better speed can be achieved with apex installed from https://www.github.com/nvidia/apex.
Test AUC: 72.40%
[nltk_data] Downloading package reuters to ../data...
[nltk_data]   Package reuters is already up-to-date!
Better speed can be achieved with apex installed from https://www.github.com/nvidia/apex.
Test AUC: 73.26%
1 !!!
[nltk_data] Downloading package reuters to ../data...
[nltk_data]   Package reuters is already up-to-date!
Better speed can be achieved with apex installed from https://www.github.com/nvidia/apex.
Test AUC: 56.87%
[nltk_data] Downloading package reuters to ../data...
[nltk_data]   Package reuters is already up-to-date!
Better speed can be achieved with apex installed from https://www.github.com/nvidia/apex.
Test AUC: 57.86%
[nltk_data] Downloading package reuters to ../data...
[nltk_data]   Package reuters is already up-to-date!
Better speed can be achieved with apex installed from https://www.github.com/nvidia/apex.
Test AUC: 58.92%
2 !!!
[nltk_data] Downloading package reuters to ../data...
[nltk_data]   Package reuters is already up-to-date!
Better speed can be achieved with apex installed from https://www.github.com/nvidia/apex.
Test AUC: 96.94%
[nltk_data] Downloading package reuters to ../data...
[nltk_data]   Package reuters is already up-to-date!
Better speed can be achieved with apex installed from https://www.github.com/nvidia/apex.
Test AUC: 96.98%
[nltk_data] Downloading package reuters to ../data...
[nltk_data]   Package reuters is already up-to-date!
Better speed can be achieved with apex installed from https://www.github.com/nvidia/apex.
Test AUC: 96.87%
3 !!!
[nltk_data] Downloading package reuters to ../data...
[nltk_data]   Package reuters is already up-to-date!
Better speed can be achieved with apex installed from https://www.github.com/nvidia/apex.
Test AUC: 98.90%
[nltk_data] Downloading package reuters to ../data...
[nltk_data]   Package reuters is already up-to-date!
Better speed can be achieved with apex installed from https://www.github.com/nvidia/apex.
Test AUC: 98.95%
[nltk_data] Downloading package reuters to ../data...
[nltk_data]   Package reuters is already up-to-date!
Better speed can be achieved with apex installed from https://www.github.com/nvidia/apex.
Test AUC: 98.95%
4 !!!
[nltk_data] Downloading package reuters to ../data...
[nltk_data]   Package reuters is already up-to-date!
Better speed can be achieved with apex installed from https://www.github.com/nvidia/apex.
Test AUC: 85.48%
[nltk_data] Downloading package reuters to ../data...
[nltk_data]   Package reuters is already up-to-date!
Better speed can be achieved with apex installed from https://www.github.com/nvidia/apex.
Test AUC: 57.47%
[nltk_data] Downloading package reuters to ../data...
[nltk_data]   Package reuters is already up-to-date!
Better speed can be achieved with apex installed from https://www.github.com/nvidia/apex.
Test AUC: 82.40%
5 !!!
[nltk_data] Downloading package reuters to ../data...
[nltk_data]   Package reuters is already up-to-date!
Better speed can be achieved with apex installed from https://www.github.com/nvidia/apex.
Test AUC: 75.55%
[nltk_data] Downloading package reuters to ../data...
[nltk_data]   Package reuters is already up-to-date!
Better speed can be achieved with apex installed from https://www.github.com/nvidia/apex.
Test AUC: 75.11%
[nltk_data] Downloading package reuters to ../data...
[nltk_data]   Package reuters is already up-to-date!
Better speed can be achieved with apex installed from https://www.github.com/nvidia/apex.
Test AUC: 75.79%
6 !!!
[nltk_data] Downloading package reuters to ../data...
[nltk_data]   Package reuters is already up-to-date!
Better speed can be achieved with apex installed from https://www.github.com/nvidia/apex.
Test AUC: 73.33%
[nltk_data] Downloading package reuters to ../data...
[nltk_data]   Package reuters is already up-to-date!
Better speed can be achieved with apex installed from https://www.github.com/nvidia/apex.
Test AUC: 24.07%
[nltk_data] Downloading package reuters to ../data...
[nltk_data]   Package reuters is already up-to-date!
Better speed can be achieved with apex installed from https://www.github.com/nvidia/apex.
Test AUC: 69.94%
!!
Better speed can be achieved with apex installed from https://www.github.com/nvidia/apex.
Test AUC: 82.76%
Better speed can be achieved with apex installed from https://www.github.com/nvidia/apex.
Test AUC: 82.70%
Better speed can be achieved with apex installed from https://www.github.com/nvidia/apex.
Test AUC: 82.50%
!!
Better speed can be achieved with apex installed from https://www.github.com/nvidia/apex.
Test AUC: 51.34%
Better speed can be achieved with apex installed from https://www.github.com/nvidia/apex.
Test AUC: 51.08%
Better speed can be achieved with apex installed from https://www.github.com/nvidia/apex.
Test AUC: 51.33%
!!
Better speed can be achieved with apex installed from https://www.github.com/nvidia/apex.
Test AUC: 51.53%
Better speed can be achieved with apex installed from https://www.github.com/nvidia/apex.
Test AUC: 51.49%
Better speed can be achieved with apex installed from https://www.github.com/nvidia/apex.
Test AUC: 51.45%
!!
Better speed can be achieved with apex installed from https://www.github.com/nvidia/apex.
Test AUC: 66.98%
Better speed can be achieved with apex installed from https://www.github.com/nvidia/apex.
Test AUC: 83.90%
Better speed can be achieved with apex installed from https://www.github.com/nvidia/apex.
Test AUC: 67.13%
!!
Better speed can be achieved with apex installed from https://www.github.com/nvidia/apex.
Test AUC: 51.68%
Better speed can be achieved with apex installed from https://www.github.com/nvidia/apex.
Test AUC: 51.29%
Better speed can be achieved with apex installed from https://www.github.com/nvidia/apex.
Test AUC: 51.52%
!!
Better speed can be achieved with apex installed from https://www.github.com/nvidia/apex.
Test AUC: 83.64%
Better speed can be achieved with apex installed from https://www.github.com/nvidia/apex.
Test AUC: 83.50%
Better speed can be achieved with apex installed from https://www.github.com/nvidia/apex.
Test AUC: 83.84%
0 !!!
[nltk_data] Downloading package reuters to ../data...
[nltk_data]   Package reuters is already up-to-date!
Better speed can be achieved with apex installed from https://www.github.com/nvidia/apex.
Test AUC: 73.13%
[nltk_data] Downloading package reuters to ../data...
[nltk_data]   Package reuters is already up-to-date!
Better speed can be achieved with apex installed from https://www.github.com/nvidia/apex.
Test AUC: 73.07%
[nltk_data] Downloading package reuters to ../data...
[nltk_data]   Package reuters is already up-to-date!
Better speed can be achieved with apex installed from https://www.github.com/nvidia/apex.
Test AUC: 94.31%
1 !!!
[nltk_data] Downloading package reuters to ../data...
[nltk_data]   Package reuters is already up-to-date!
Better speed can be achieved with apex installed from https://www.github.com/nvidia/apex.
Test AUC: 75.64%
[nltk_data] Downloading package reuters to ../data...
[nltk_data]   Package reuters is already up-to-date!
Better speed can be achieved with apex installed from https://www.github.com/nvidia/apex.
Test AUC: 57.37%
[nltk_data] Downloading package reuters to ../data...
[nltk_data]   Package reuters is already up-to-date!
Better speed can be achieved with apex installed from https://www.github.com/nvidia/apex.
Test AUC: 57.20%
2 !!!
[nltk_data] Downloading package reuters to ../data...
[nltk_data]   Package reuters is already up-to-date!
Better speed can be achieved with apex installed from https://www.github.com/nvidia/apex.
Test AUC: 96.96%
[nltk_data] Downloading package reuters to ../data...
[nltk_data]   Package reuters is already up-to-date!
Better speed can be achieved with apex installed from https://www.github.com/nvidia/apex.
Test AUC: 96.99%
[nltk_data] Downloading package reuters to ../data...
[nltk_data]   Package reuters is already up-to-date!
Better speed can be achieved with apex installed from https://www.github.com/nvidia/apex.
Test AUC: 64.05%
3 !!!
[nltk_data] Downloading package reuters to ../data...
[nltk_data]   Package reuters is already up-to-date!
Better speed can be achieved with apex installed from https://www.github.com/nvidia/apex.
Test AUC: 98.89%
[nltk_data] Downloading package reuters to ../data...
[nltk_data]   Package reuters is already up-to-date!
Better speed can be achieved with apex installed from https://www.github.com/nvidia/apex.
Test AUC: 98.96%
[nltk_data] Downloading package reuters to ../data...
[nltk_data]   Package reuters is already up-to-date!
Better speed can be achieved with apex installed from https://www.github.com/nvidia/apex.
Test AUC: 98.72%
4 !!!
[nltk_data] Downloading package reuters to ../data...
[nltk_data]   Package reuters is already up-to-date!
Better speed can be achieved with apex installed from https://www.github.com/nvidia/apex.
Test AUC: 57.53%
[nltk_data] Downloading package reuters to ../data...
[nltk_data]   Package reuters is already up-to-date!
Better speed can be achieved with apex installed from https://www.github.com/nvidia/apex.
Test AUC: 82.33%
[nltk_data] Downloading package reuters to ../data...
[nltk_data]   Package reuters is already up-to-date!
Better speed can be achieved with apex installed from https://www.github.com/nvidia/apex.
Test AUC: 82.53%
5 !!!
[nltk_data] Downloading package reuters to ../data...
[nltk_data]   Package reuters is already up-to-date!
Better speed can be achieved with apex installed from https://www.github.com/nvidia/apex.
Test AUC: 97.60%
[nltk_data] Downloading package reuters to ../data...
[nltk_data]   Package reuters is already up-to-date!
Better speed can be achieved with apex installed from https://www.github.com/nvidia/apex.
Test AUC: 97.17%
[nltk_data] Downloading package reuters to ../data...
[nltk_data]   Package reuters is already up-to-date!
Better speed can be achieved with apex installed from https://www.github.com/nvidia/apex.
Test AUC: 76.84%
6 !!!
[nltk_data] Downloading package reuters to ../data...
[nltk_data]   Package reuters is already up-to-date!
Better speed can be achieved with apex installed from https://www.github.com/nvidia/apex.
Test AUC: 73.54%
[nltk_data] Downloading package reuters to ../data...
[nltk_data]   Package reuters is already up-to-date!
Better speed can be achieved with apex installed from https://www.github.com/nvidia/apex.
Test AUC: 70.10%
[nltk_data] Downloading package reuters to ../data...
[nltk_data]   Package reuters is already up-to-date!
Better speed can be achieved with apex installed from https://www.github.com/nvidia/apex.
Test AUC: 73.40%
!!
Better speed can be achieved with apex installed from https://www.github.com/nvidia/apex.
Test AUC: 82.80%
Better speed can be achieved with apex installed from https://www.github.com/nvidia/apex.
Test AUC: 82.81%
Better speed can be achieved with apex installed from https://www.github.com/nvidia/apex.
Test AUC: 83.00%
!!
Better speed can be achieved with apex installed from https://www.github.com/nvidia/apex.
Test AUC: 51.02%
Better speed can be achieved with apex installed from https://www.github.com/nvidia/apex.
Test AUC: 51.21%
Better speed can be achieved with apex installed from https://www.github.com/nvidia/apex.
Test AUC: 51.25%
!!
Better speed can be achieved with apex installed from https://www.github.com/nvidia/apex.
Test AUC: 51.62%
Better speed can be achieved with apex installed from https://www.github.com/nvidia/apex.
Test AUC: 51.60%
Better speed can be achieved with apex installed from https://www.github.com/nvidia/apex.
Test AUC: 51.59%
!!
Better speed can be achieved with apex installed from https://www.github.com/nvidia/apex.
Test AUC: 83.58%
Better speed can be achieved with apex installed from https://www.github.com/nvidia/apex.
Test AUC: 83.77%
Better speed can be achieved with apex installed from https://www.github.com/nvidia/apex.
Test AUC: 67.27%
!!
Better speed can be achieved with apex installed from https://www.github.com/nvidia/apex.
Test AUC: 51.52%
Better speed can be achieved with apex installed from https://www.github.com/nvidia/apex.
Test AUC: 51.49%
Better speed can be achieved with apex installed from https://www.github.com/nvidia/apex.
Test AUC: 51.49%
!!
Better speed can be achieved with apex installed from https://www.github.com/nvidia/apex.
Test AUC: 56.33%
Better speed can be achieved with apex installed from https://www.github.com/nvidia/apex.
Test AUC: 83.25%
Better speed can be achieved with apex installed from https://www.github.com/nvidia/apex.
Test AUC: 83.97%
0 !!!
[nltk_data] Downloading package reuters to ../data...
[nltk_data]   Package reuters is already up-to-date!
Better speed can be achieved with apex installed from https://www.github.com/nvidia/apex.
Test AUC: 94.28%
[nltk_data] Downloading package reuters to ../data...
[nltk_data]   Package reuters is already up-to-date!
Better speed can be achieved with apex installed from https://www.github.com/nvidia/apex.
Test AUC: 73.38%
[nltk_data] Downloading package reuters to ../data...
[nltk_data]   Package reuters is already up-to-date!
Better speed can be achieved with apex installed from https://www.github.com/nvidia/apex.
Test AUC: 73.81%
1 !!!
[nltk_data] Downloading package reuters to ../data...
[nltk_data]   Package reuters is already up-to-date!
Better speed can be achieved with apex installed from https://www.github.com/nvidia/apex.
Test AUC: 57.11%
[nltk_data] Downloading package reuters to ../data...
[nltk_data]   Package reuters is already up-to-date!
Better speed can be achieved with apex installed from https://www.github.com/nvidia/apex.
Test AUC: 45.58%
[nltk_data] Downloading package reuters to ../data...
[nltk_data]   Package reuters is already up-to-date!
Better speed can be achieved with apex installed from https://www.github.com/nvidia/apex.
Test AUC: 69.36%
2 !!!
[nltk_data] Downloading package reuters to ../data...
[nltk_data]   Package reuters is already up-to-date!
Better speed can be achieved with apex installed from https://www.github.com/nvidia/apex.
Test AUC: 97.16%
[nltk_data] Downloading package reuters to ../data...
[nltk_data]   Package reuters is already up-to-date!
Better speed can be achieved with apex installed from https://www.github.com/nvidia/apex.
Test AUC: 96.89%
[nltk_data] Downloading package reuters to ../data...
[nltk_data]   Package reuters is already up-to-date!
Better speed can be achieved with apex installed from https://www.github.com/nvidia/apex.
Test AUC: 97.00%
3 !!!
[nltk_data] Downloading package reuters to ../data...
[nltk_data]   Package reuters is already up-to-date!
Better speed can be achieved with apex installed from https://www.github.com/nvidia/apex.
Test AUC: 98.80%
[nltk_data] Downloading package reuters to ../data...
[nltk_data]   Package reuters is already up-to-date!
Better speed can be achieved with apex installed from https://www.github.com/nvidia/apex.
Test AUC: 98.87%
[nltk_data] Downloading package reuters to ../data...
[nltk_data]   Package reuters is already up-to-date!
Better speed can be achieved with apex installed from https://www.github.com/nvidia/apex.
Test AUC: 98.71%
4 !!!
[nltk_data] Downloading package reuters to ../data...
[nltk_data]   Package reuters is already up-to-date!
Better speed can be achieved with apex installed from https://www.github.com/nvidia/apex.
Test AUC: 85.18%
[nltk_data] Downloading package reuters to ../data...
[nltk_data]   Package reuters is already up-to-date!
Better speed can be achieved with apex installed from https://www.github.com/nvidia/apex.
Test AUC: 83.66%
[nltk_data] Downloading package reuters to ../data...
[nltk_data]   Package reuters is already up-to-date!
Better speed can be achieved with apex installed from https://www.github.com/nvidia/apex.
Test AUC: 56.98%
5 !!!
[nltk_data] Downloading package reuters to ../data...
[nltk_data]   Package reuters is already up-to-date!
Better speed can be achieved with apex installed from https://www.github.com/nvidia/apex.
Test AUC: 73.69%
[nltk_data] Downloading package reuters to ../data...
[nltk_data]   Package reuters is already up-to-date!
Better speed can be achieved with apex installed from https://www.github.com/nvidia/apex.
Test AUC: 76.66%
[nltk_data] Downloading package reuters to ../data...
[nltk_data]   Package reuters is already up-to-date!
Better speed can be achieved with apex installed from https://www.github.com/nvidia/apex.
Test AUC: 97.23%
6 !!!
[nltk_data] Downloading package reuters to ../data...
[nltk_data]   Package reuters is already up-to-date!
Better speed can be achieved with apex installed from https://www.github.com/nvidia/apex.
Test AUC: 99.57%
[nltk_data] Downloading package reuters to ../data...
[nltk_data]   Package reuters is already up-to-date!
Better speed can be achieved with apex installed from https://www.github.com/nvidia/apex.
Test AUC: 32.00%
[nltk_data] Downloading package reuters to ../data...
[nltk_data]   Package reuters is already up-to-date!
Better speed can be achieved with apex installed from https://www.github.com/nvidia/apex.
Test AUC: 71.14%
!!
Better speed can be achieved with apex installed from https://www.github.com/nvidia/apex.
Test AUC: 82.77%
Better speed can be achieved with apex installed from https://www.github.com/nvidia/apex.
Test AUC: 50.95%
Better speed can be achieved with apex installed from https://www.github.com/nvidia/apex.
Test AUC: 83.07%
!!
Better speed can be achieved with apex installed from https://www.github.com/nvidia/apex.
Test AUC: 51.03%
Better speed can be achieved with apex installed from https://www.github.com/nvidia/apex.
Test AUC: 51.43%
Better speed can be achieved with apex installed from https://www.github.com/nvidia/apex.
Test AUC: 51.43%
!!
Better speed can be achieved with apex installed from https://www.github.com/nvidia/apex.
Test AUC: 51.50%
Better speed can be achieved with apex installed from https://www.github.com/nvidia/apex.
Test AUC: 51.57%
Better speed can be achieved with apex installed from https://www.github.com/nvidia/apex.
Test AUC: 51.51%
!!
Better speed can be achieved with apex installed from https://www.github.com/nvidia/apex.
Test AUC: 83.64%
Better speed can be achieved with apex installed from https://www.github.com/nvidia/apex.
Test AUC: 67.19%
Better speed can be achieved with apex installed from https://www.github.com/nvidia/apex.
Test AUC: 67.09%
!!
Better speed can be achieved with apex installed from https://www.github.com/nvidia/apex.
Test AUC: 51.57%
Better speed can be achieved with apex installed from https://www.github.com/nvidia/apex.
Test AUC: 51.38%
Better speed can be achieved with apex installed from https://www.github.com/nvidia/apex.
Test AUC: 51.47%
!!
Better speed can be achieved with apex installed from https://www.github.com/nvidia/apex.
Test AUC: 83.82%
Better speed can be achieved with apex installed from https://www.github.com/nvidia/apex.
Test AUC: 83.78%
Better speed can be achieved with apex installed from https://www.github.com/nvidia/apex.
Test AUC: 83.76%
0 !!!
[nltk_data] Downloading package reuters to ../data...
[nltk_data]   Package reuters is already up-to-date!
Better speed can be achieved with apex installed from https://www.github.com/nvidia/apex.
Traceback (most recent call last):
  File "main_vae_attention.py", line 146, in <module>
    main()
  File "/home/minjaesong/anaconda3/envs/CVDD/lib/python3.7/site-packages/click/core.py", line 764, in __call__
    return self.main(*args, **kwargs)
  File "/home/minjaesong/anaconda3/envs/CVDD/lib/python3.7/site-packages/click/core.py", line 717, in main
    rv = self.invoke(ctx)
  File "/home/minjaesong/anaconda3/envs/CVDD/lib/python3.7/site-packages/click/core.py", line 956, in invoke
    return ctx.invoke(self.callback, **ctx.params)
  File "/home/minjaesong/anaconda3/envs/CVDD/lib/python3.7/site-packages/click/core.py", line 555, in invoke
    return callback(*args, **kwargs)
  File "main_vae_attention.py", line 142, in main
    auc_value = roc_auc_score(labels, scores)
  File "/home/minjaesong/anaconda3/envs/CVDD/lib/python3.7/site-packages/sklearn/metrics/ranking.py", line 355, in roc_auc_score
    sample_weight=sample_weight)
  File "/home/minjaesong/anaconda3/envs/CVDD/lib/python3.7/site-packages/sklearn/metrics/base.py", line 76, in _average_binary_score
    return binary_metric(y_true, y_score, sample_weight=sample_weight)
  File "/home/minjaesong/anaconda3/envs/CVDD/lib/python3.7/site-packages/sklearn/metrics/ranking.py", line 327, in _binary_roc_auc_score
    sample_weight=sample_weight)
  File "/home/minjaesong/anaconda3/envs/CVDD/lib/python3.7/site-packages/sklearn/metrics/ranking.py", line 622, in roc_curve
    y_true, y_score, pos_label=pos_label, sample_weight=sample_weight)
  File "/home/minjaesong/anaconda3/envs/CVDD/lib/python3.7/site-packages/sklearn/metrics/ranking.py", line 402, in _binary_clf_curve
    assert_all_finite(y_score)
  File "/home/minjaesong/anaconda3/envs/CVDD/lib/python3.7/site-packages/sklearn/utils/validation.py", line 72, in assert_all_finite
    _assert_all_finite(X.data if sp.issparse(X) else X, allow_nan)
  File "/home/minjaesong/anaconda3/envs/CVDD/lib/python3.7/site-packages/sklearn/utils/validation.py", line 56, in _assert_all_finite
    raise ValueError(msg_err.format(type_err, X.dtype))
ValueError: Input contains NaN, infinity or a value too large for dtype('float64').
[nltk_data] Downloading package reuters to ../data...
[nltk_data]   Package reuters is already up-to-date!
Better speed can be achieved with apex installed from https://www.github.com/nvidia/apex.
Traceback (most recent call last):
  File "main_vae_attention.py", line 146, in <module>
    main()
  File "/home/minjaesong/anaconda3/envs/CVDD/lib/python3.7/site-packages/click/core.py", line 764, in __call__
    return self.main(*args, **kwargs)
  File "/home/minjaesong/anaconda3/envs/CVDD/lib/python3.7/site-packages/click/core.py", line 717, in main
    rv = self.invoke(ctx)
  File "/home/minjaesong/anaconda3/envs/CVDD/lib/python3.7/site-packages/click/core.py", line 956, in invoke
    return ctx.invoke(self.callback, **ctx.params)
  File "/home/minjaesong/anaconda3/envs/CVDD/lib/python3.7/site-packages/click/core.py", line 555, in invoke
    return callback(*args, **kwargs)
  File "main_vae_attention.py", line 142, in main
    auc_value = roc_auc_score(labels, scores)
  File "/home/minjaesong/anaconda3/envs/CVDD/lib/python3.7/site-packages/sklearn/metrics/ranking.py", line 355, in roc_auc_score
    sample_weight=sample_weight)
  File "/home/minjaesong/anaconda3/envs/CVDD/lib/python3.7/site-packages/sklearn/metrics/base.py", line 76, in _average_binary_score
    return binary_metric(y_true, y_score, sample_weight=sample_weight)
  File "/home/minjaesong/anaconda3/envs/CVDD/lib/python3.7/site-packages/sklearn/metrics/ranking.py", line 327, in _binary_roc_auc_score
    sample_weight=sample_weight)
  File "/home/minjaesong/anaconda3/envs/CVDD/lib/python3.7/site-packages/sklearn/metrics/ranking.py", line 622, in roc_curve
    y_true, y_score, pos_label=pos_label, sample_weight=sample_weight)
  File "/home/minjaesong/anaconda3/envs/CVDD/lib/python3.7/site-packages/sklearn/metrics/ranking.py", line 402, in _binary_clf_curve
    assert_all_finite(y_score)
  File "/home/minjaesong/anaconda3/envs/CVDD/lib/python3.7/site-packages/sklearn/utils/validation.py", line 72, in assert_all_finite
    _assert_all_finite(X.data if sp.issparse(X) else X, allow_nan)
  File "/home/minjaesong/anaconda3/envs/CVDD/lib/python3.7/site-packages/sklearn/utils/validation.py", line 56, in _assert_all_finite
    raise ValueError(msg_err.format(type_err, X.dtype))
ValueError: Input contains NaN, infinity or a value too large for dtype('float64').
[nltk_data] Downloading package reuters to ../data...
[nltk_data]   Package reuters is already up-to-date!
Better speed can be achieved with apex installed from https://www.github.com/nvidia/apex.
Traceback (most recent call last):
  File "main_vae_attention.py", line 146, in <module>
    main()
  File "/home/minjaesong/anaconda3/envs/CVDD/lib/python3.7/site-packages/click/core.py", line 764, in __call__
    return self.main(*args, **kwargs)
  File "/home/minjaesong/anaconda3/envs/CVDD/lib/python3.7/site-packages/click/core.py", line 717, in main
    rv = self.invoke(ctx)
  File "/home/minjaesong/anaconda3/envs/CVDD/lib/python3.7/site-packages/click/core.py", line 956, in invoke
    return ctx.invoke(self.callback, **ctx.params)
  File "/home/minjaesong/anaconda3/envs/CVDD/lib/python3.7/site-packages/click/core.py", line 555, in invoke
    return callback(*args, **kwargs)
  File "main_vae_attention.py", line 142, in main
    auc_value = roc_auc_score(labels, scores)
  File "/home/minjaesong/anaconda3/envs/CVDD/lib/python3.7/site-packages/sklearn/metrics/ranking.py", line 355, in roc_auc_score
    sample_weight=sample_weight)
  File "/home/minjaesong/anaconda3/envs/CVDD/lib/python3.7/site-packages/sklearn/metrics/base.py", line 76, in _average_binary_score
    return binary_metric(y_true, y_score, sample_weight=sample_weight)
  File "/home/minjaesong/anaconda3/envs/CVDD/lib/python3.7/site-packages/sklearn/metrics/ranking.py", line 327, in _binary_roc_auc_score
    sample_weight=sample_weight)
  File "/home/minjaesong/anaconda3/envs/CVDD/lib/python3.7/site-packages/sklearn/metrics/ranking.py", line 622, in roc_curve
    y_true, y_score, pos_label=pos_label, sample_weight=sample_weight)
  File "/home/minjaesong/anaconda3/envs/CVDD/lib/python3.7/site-packages/sklearn/metrics/ranking.py", line 402, in _binary_clf_curve
    assert_all_finite(y_score)
  File "/home/minjaesong/anaconda3/envs/CVDD/lib/python3.7/site-packages/sklearn/utils/validation.py", line 72, in assert_all_finite
    _assert_all_finite(X.data if sp.issparse(X) else X, allow_nan)
  File "/home/minjaesong/anaconda3/envs/CVDD/lib/python3.7/site-packages/sklearn/utils/validation.py", line 56, in _assert_all_finite
    raise ValueError(msg_err.format(type_err, X.dtype))
ValueError: Input contains NaN, infinity or a value too large for dtype('float64').
1 !!!
[nltk_data] Downloading package reuters to ../data...
[nltk_data]   Package reuters is already up-to-date!
Better speed can be achieved with apex installed from https://www.github.com/nvidia/apex.
Traceback (most recent call last):
  File "main_vae_attention.py", line 146, in <module>
    main()
  File "/home/minjaesong/anaconda3/envs/CVDD/lib/python3.7/site-packages/click/core.py", line 764, in __call__
    return self.main(*args, **kwargs)
  File "/home/minjaesong/anaconda3/envs/CVDD/lib/python3.7/site-packages/click/core.py", line 717, in main
    rv = self.invoke(ctx)
  File "/home/minjaesong/anaconda3/envs/CVDD/lib/python3.7/site-packages/click/core.py", line 956, in invoke
    return ctx.invoke(self.callback, **ctx.params)
  File "/home/minjaesong/anaconda3/envs/CVDD/lib/python3.7/site-packages/click/core.py", line 555, in invoke
    return callback(*args, **kwargs)
  File "main_vae_attention.py", line 142, in main
    auc_value = roc_auc_score(labels, scores)
  File "/home/minjaesong/anaconda3/envs/CVDD/lib/python3.7/site-packages/sklearn/metrics/ranking.py", line 355, in roc_auc_score
    sample_weight=sample_weight)
  File "/home/minjaesong/anaconda3/envs/CVDD/lib/python3.7/site-packages/sklearn/metrics/base.py", line 76, in _average_binary_score
    return binary_metric(y_true, y_score, sample_weight=sample_weight)
  File "/home/minjaesong/anaconda3/envs/CVDD/lib/python3.7/site-packages/sklearn/metrics/ranking.py", line 327, in _binary_roc_auc_score
    sample_weight=sample_weight)
  File "/home/minjaesong/anaconda3/envs/CVDD/lib/python3.7/site-packages/sklearn/metrics/ranking.py", line 622, in roc_curve
    y_true, y_score, pos_label=pos_label, sample_weight=sample_weight)
  File "/home/minjaesong/anaconda3/envs/CVDD/lib/python3.7/site-packages/sklearn/metrics/ranking.py", line 402, in _binary_clf_curve
    assert_all_finite(y_score)
  File "/home/minjaesong/anaconda3/envs/CVDD/lib/python3.7/site-packages/sklearn/utils/validation.py", line 72, in assert_all_finite
    _assert_all_finite(X.data if sp.issparse(X) else X, allow_nan)
  File "/home/minjaesong/anaconda3/envs/CVDD/lib/python3.7/site-packages/sklearn/utils/validation.py", line 56, in _assert_all_finite
    raise ValueError(msg_err.format(type_err, X.dtype))
ValueError: Input contains NaN, infinity or a value too large for dtype('float64').
[nltk_data] Downloading package reuters to ../data...
[nltk_data]   Package reuters is already up-to-date!
Better speed can be achieved with apex installed from https://www.github.com/nvidia/apex.
Traceback (most recent call last):
  File "main_vae_attention.py", line 146, in <module>
    main()
  File "/home/minjaesong/anaconda3/envs/CVDD/lib/python3.7/site-packages/click/core.py", line 764, in __call__
    return self.main(*args, **kwargs)
  File "/home/minjaesong/anaconda3/envs/CVDD/lib/python3.7/site-packages/click/core.py", line 717, in main
    rv = self.invoke(ctx)
  File "/home/minjaesong/anaconda3/envs/CVDD/lib/python3.7/site-packages/click/core.py", line 956, in invoke
    return ctx.invoke(self.callback, **ctx.params)
  File "/home/minjaesong/anaconda3/envs/CVDD/lib/python3.7/site-packages/click/core.py", line 555, in invoke
    return callback(*args, **kwargs)
  File "main_vae_attention.py", line 142, in main
    auc_value = roc_auc_score(labels, scores)
  File "/home/minjaesong/anaconda3/envs/CVDD/lib/python3.7/site-packages/sklearn/metrics/ranking.py", line 355, in roc_auc_score
    sample_weight=sample_weight)
  File "/home/minjaesong/anaconda3/envs/CVDD/lib/python3.7/site-packages/sklearn/metrics/base.py", line 76, in _average_binary_score
    return binary_metric(y_true, y_score, sample_weight=sample_weight)
  File "/home/minjaesong/anaconda3/envs/CVDD/lib/python3.7/site-packages/sklearn/metrics/ranking.py", line 327, in _binary_roc_auc_score
    sample_weight=sample_weight)
  File "/home/minjaesong/anaconda3/envs/CVDD/lib/python3.7/site-packages/sklearn/metrics/ranking.py", line 622, in roc_curve
    y_true, y_score, pos_label=pos_label, sample_weight=sample_weight)
  File "/home/minjaesong/anaconda3/envs/CVDD/lib/python3.7/site-packages/sklearn/metrics/ranking.py", line 402, in _binary_clf_curve
    assert_all_finite(y_score)
  File "/home/minjaesong/anaconda3/envs/CVDD/lib/python3.7/site-packages/sklearn/utils/validation.py", line 72, in assert_all_finite
    _assert_all_finite(X.data if sp.issparse(X) else X, allow_nan)
  File "/home/minjaesong/anaconda3/envs/CVDD/lib/python3.7/site-packages/sklearn/utils/validation.py", line 56, in _assert_all_finite
    raise ValueError(msg_err.format(type_err, X.dtype))
ValueError: Input contains NaN, infinity or a value too large for dtype('float64').
[nltk_data] Downloading package reuters to ../data...
[nltk_data]   Package reuters is already up-to-date!
Better speed can be achieved with apex installed from https://www.github.com/nvidia/apex.
Traceback (most recent call last):
  File "main_vae_attention.py", line 146, in <module>
    main()
  File "/home/minjaesong/anaconda3/envs/CVDD/lib/python3.7/site-packages/click/core.py", line 764, in __call__
    return self.main(*args, **kwargs)
  File "/home/minjaesong/anaconda3/envs/CVDD/lib/python3.7/site-packages/click/core.py", line 717, in main
    rv = self.invoke(ctx)
  File "/home/minjaesong/anaconda3/envs/CVDD/lib/python3.7/site-packages/click/core.py", line 956, in invoke
    return ctx.invoke(self.callback, **ctx.params)
  File "/home/minjaesong/anaconda3/envs/CVDD/lib/python3.7/site-packages/click/core.py", line 555, in invoke
    return callback(*args, **kwargs)
  File "main_vae_attention.py", line 142, in main
    auc_value = roc_auc_score(labels, scores)
  File "/home/minjaesong/anaconda3/envs/CVDD/lib/python3.7/site-packages/sklearn/metrics/ranking.py", line 355, in roc_auc_score
    sample_weight=sample_weight)
  File "/home/minjaesong/anaconda3/envs/CVDD/lib/python3.7/site-packages/sklearn/metrics/base.py", line 76, in _average_binary_score
    return binary_metric(y_true, y_score, sample_weight=sample_weight)
  File "/home/minjaesong/anaconda3/envs/CVDD/lib/python3.7/site-packages/sklearn/metrics/ranking.py", line 327, in _binary_roc_auc_score
    sample_weight=sample_weight)
  File "/home/minjaesong/anaconda3/envs/CVDD/lib/python3.7/site-packages/sklearn/metrics/ranking.py", line 622, in roc_curve
    y_true, y_score, pos_label=pos_label, sample_weight=sample_weight)
  File "/home/minjaesong/anaconda3/envs/CVDD/lib/python3.7/site-packages/sklearn/metrics/ranking.py", line 402, in _binary_clf_curve
    assert_all_finite(y_score)
  File "/home/minjaesong/anaconda3/envs/CVDD/lib/python3.7/site-packages/sklearn/utils/validation.py", line 72, in assert_all_finite
    _assert_all_finite(X.data if sp.issparse(X) else X, allow_nan)
  File "/home/minjaesong/anaconda3/envs/CVDD/lib/python3.7/site-packages/sklearn/utils/validation.py", line 56, in _assert_all_finite
    raise ValueError(msg_err.format(type_err, X.dtype))
ValueError: Input contains NaN, infinity or a value too large for dtype('float64').
2 !!!
[nltk_data] Downloading package reuters to ../data...
[nltk_data]   Package reuters is already up-to-date!
Better speed can be achieved with apex installed from https://www.github.com/nvidia/apex.
Traceback (most recent call last):
  File "main_vae_attention.py", line 146, in <module>
    main()
  File "/home/minjaesong/anaconda3/envs/CVDD/lib/python3.7/site-packages/click/core.py", line 764, in __call__
    return self.main(*args, **kwargs)
  File "/home/minjaesong/anaconda3/envs/CVDD/lib/python3.7/site-packages/click/core.py", line 717, in main
    rv = self.invoke(ctx)
  File "/home/minjaesong/anaconda3/envs/CVDD/lib/python3.7/site-packages/click/core.py", line 956, in invoke
    return ctx.invoke(self.callback, **ctx.params)
  File "/home/minjaesong/anaconda3/envs/CVDD/lib/python3.7/site-packages/click/core.py", line 555, in invoke
    return callback(*args, **kwargs)
  File "main_vae_attention.py", line 142, in main
    auc_value = roc_auc_score(labels, scores)
  File "/home/minjaesong/anaconda3/envs/CVDD/lib/python3.7/site-packages/sklearn/metrics/ranking.py", line 355, in roc_auc_score
    sample_weight=sample_weight)
  File "/home/minjaesong/anaconda3/envs/CVDD/lib/python3.7/site-packages/sklearn/metrics/base.py", line 76, in _average_binary_score
    return binary_metric(y_true, y_score, sample_weight=sample_weight)
  File "/home/minjaesong/anaconda3/envs/CVDD/lib/python3.7/site-packages/sklearn/metrics/ranking.py", line 327, in _binary_roc_auc_score
    sample_weight=sample_weight)
  File "/home/minjaesong/anaconda3/envs/CVDD/lib/python3.7/site-packages/sklearn/metrics/ranking.py", line 622, in roc_curve
    y_true, y_score, pos_label=pos_label, sample_weight=sample_weight)
  File "/home/minjaesong/anaconda3/envs/CVDD/lib/python3.7/site-packages/sklearn/metrics/ranking.py", line 402, in _binary_clf_curve
    assert_all_finite(y_score)
  File "/home/minjaesong/anaconda3/envs/CVDD/lib/python3.7/site-packages/sklearn/utils/validation.py", line 72, in assert_all_finite
    _assert_all_finite(X.data if sp.issparse(X) else X, allow_nan)
  File "/home/minjaesong/anaconda3/envs/CVDD/lib/python3.7/site-packages/sklearn/utils/validation.py", line 56, in _assert_all_finite
    raise ValueError(msg_err.format(type_err, X.dtype))
ValueError: Input contains NaN, infinity or a value too large for dtype('float64').
[nltk_data] Downloading package reuters to ../data...
[nltk_data]   Package reuters is already up-to-date!
Better speed can be achieved with apex installed from https://www.github.com/nvidia/apex.
Traceback (most recent call last):
  File "main_vae_attention.py", line 146, in <module>
    main()
  File "/home/minjaesong/anaconda3/envs/CVDD/lib/python3.7/site-packages/click/core.py", line 764, in __call__
    return self.main(*args, **kwargs)
  File "/home/minjaesong/anaconda3/envs/CVDD/lib/python3.7/site-packages/click/core.py", line 717, in main
    rv = self.invoke(ctx)
  File "/home/minjaesong/anaconda3/envs/CVDD/lib/python3.7/site-packages/click/core.py", line 956, in invoke
    return ctx.invoke(self.callback, **ctx.params)
  File "/home/minjaesong/anaconda3/envs/CVDD/lib/python3.7/site-packages/click/core.py", line 555, in invoke
    return callback(*args, **kwargs)
  File "main_vae_attention.py", line 142, in main
    auc_value = roc_auc_score(labels, scores)
  File "/home/minjaesong/anaconda3/envs/CVDD/lib/python3.7/site-packages/sklearn/metrics/ranking.py", line 355, in roc_auc_score
    sample_weight=sample_weight)
  File "/home/minjaesong/anaconda3/envs/CVDD/lib/python3.7/site-packages/sklearn/metrics/base.py", line 76, in _average_binary_score
    return binary_metric(y_true, y_score, sample_weight=sample_weight)
  File "/home/minjaesong/anaconda3/envs/CVDD/lib/python3.7/site-packages/sklearn/metrics/ranking.py", line 327, in _binary_roc_auc_score
    sample_weight=sample_weight)
  File "/home/minjaesong/anaconda3/envs/CVDD/lib/python3.7/site-packages/sklearn/metrics/ranking.py", line 622, in roc_curve
    y_true, y_score, pos_label=pos_label, sample_weight=sample_weight)
  File "/home/minjaesong/anaconda3/envs/CVDD/lib/python3.7/site-packages/sklearn/metrics/ranking.py", line 402, in _binary_clf_curve
    assert_all_finite(y_score)
  File "/home/minjaesong/anaconda3/envs/CVDD/lib/python3.7/site-packages/sklearn/utils/validation.py", line 72, in assert_all_finite
    _assert_all_finite(X.data if sp.issparse(X) else X, allow_nan)
  File "/home/minjaesong/anaconda3/envs/CVDD/lib/python3.7/site-packages/sklearn/utils/validation.py", line 56, in _assert_all_finite
    raise ValueError(msg_err.format(type_err, X.dtype))
ValueError: Input contains NaN, infinity or a value too large for dtype('float64').
[nltk_data] Downloading package reuters to ../data...
[nltk_data]   Package reuters is already up-to-date!
Better speed can be achieved with apex installed from https://www.github.com/nvidia/apex.
Traceback (most recent call last):
  File "main_vae_attention.py", line 146, in <module>
    main()
  File "/home/minjaesong/anaconda3/envs/CVDD/lib/python3.7/site-packages/click/core.py", line 764, in __call__
    return self.main(*args, **kwargs)
  File "/home/minjaesong/anaconda3/envs/CVDD/lib/python3.7/site-packages/click/core.py", line 717, in main
    rv = self.invoke(ctx)
  File "/home/minjaesong/anaconda3/envs/CVDD/lib/python3.7/site-packages/click/core.py", line 956, in invoke
    return ctx.invoke(self.callback, **ctx.params)
  File "/home/minjaesong/anaconda3/envs/CVDD/lib/python3.7/site-packages/click/core.py", line 555, in invoke
    return callback(*args, **kwargs)
  File "main_vae_attention.py", line 142, in main
    auc_value = roc_auc_score(labels, scores)
  File "/home/minjaesong/anaconda3/envs/CVDD/lib/python3.7/site-packages/sklearn/metrics/ranking.py", line 355, in roc_auc_score
    sample_weight=sample_weight)
  File "/home/minjaesong/anaconda3/envs/CVDD/lib/python3.7/site-packages/sklearn/metrics/base.py", line 76, in _average_binary_score
    return binary_metric(y_true, y_score, sample_weight=sample_weight)
  File "/home/minjaesong/anaconda3/envs/CVDD/lib/python3.7/site-packages/sklearn/metrics/ranking.py", line 327, in _binary_roc_auc_score
    sample_weight=sample_weight)
  File "/home/minjaesong/anaconda3/envs/CVDD/lib/python3.7/site-packages/sklearn/metrics/ranking.py", line 622, in roc_curve
    y_true, y_score, pos_label=pos_label, sample_weight=sample_weight)
  File "/home/minjaesong/anaconda3/envs/CVDD/lib/python3.7/site-packages/sklearn/metrics/ranking.py", line 402, in _binary_clf_curve
    assert_all_finite(y_score)
  File "/home/minjaesong/anaconda3/envs/CVDD/lib/python3.7/site-packages/sklearn/utils/validation.py", line 72, in assert_all_finite
    _assert_all_finite(X.data if sp.issparse(X) else X, allow_nan)
  File "/home/minjaesong/anaconda3/envs/CVDD/lib/python3.7/site-packages/sklearn/utils/validation.py", line 56, in _assert_all_finite
    raise ValueError(msg_err.format(type_err, X.dtype))
ValueError: Input contains NaN, infinity or a value too large for dtype('float64').
3 !!!
[nltk_data] Downloading package reuters to ../data...
[nltk_data]   Package reuters is already up-to-date!
Better speed can be achieved with apex installed from https://www.github.com/nvidia/apex.
Traceback (most recent call last):
  File "main_vae_attention.py", line 146, in <module>
    main()
  File "/home/minjaesong/anaconda3/envs/CVDD/lib/python3.7/site-packages/click/core.py", line 764, in __call__
    return self.main(*args, **kwargs)
  File "/home/minjaesong/anaconda3/envs/CVDD/lib/python3.7/site-packages/click/core.py", line 717, in main
    rv = self.invoke(ctx)
  File "/home/minjaesong/anaconda3/envs/CVDD/lib/python3.7/site-packages/click/core.py", line 956, in invoke
    return ctx.invoke(self.callback, **ctx.params)
  File "/home/minjaesong/anaconda3/envs/CVDD/lib/python3.7/site-packages/click/core.py", line 555, in invoke
    return callback(*args, **kwargs)
  File "main_vae_attention.py", line 142, in main
    auc_value = roc_auc_score(labels, scores)
  File "/home/minjaesong/anaconda3/envs/CVDD/lib/python3.7/site-packages/sklearn/metrics/ranking.py", line 355, in roc_auc_score
    sample_weight=sample_weight)
  File "/home/minjaesong/anaconda3/envs/CVDD/lib/python3.7/site-packages/sklearn/metrics/base.py", line 76, in _average_binary_score
    return binary_metric(y_true, y_score, sample_weight=sample_weight)
  File "/home/minjaesong/anaconda3/envs/CVDD/lib/python3.7/site-packages/sklearn/metrics/ranking.py", line 327, in _binary_roc_auc_score
    sample_weight=sample_weight)
  File "/home/minjaesong/anaconda3/envs/CVDD/lib/python3.7/site-packages/sklearn/metrics/ranking.py", line 622, in roc_curve
    y_true, y_score, pos_label=pos_label, sample_weight=sample_weight)
  File "/home/minjaesong/anaconda3/envs/CVDD/lib/python3.7/site-packages/sklearn/metrics/ranking.py", line 402, in _binary_clf_curve
    assert_all_finite(y_score)
  File "/home/minjaesong/anaconda3/envs/CVDD/lib/python3.7/site-packages/sklearn/utils/validation.py", line 72, in assert_all_finite
    _assert_all_finite(X.data if sp.issparse(X) else X, allow_nan)
  File "/home/minjaesong/anaconda3/envs/CVDD/lib/python3.7/site-packages/sklearn/utils/validation.py", line 56, in _assert_all_finite
    raise ValueError(msg_err.format(type_err, X.dtype))
ValueError: Input contains NaN, infinity or a value too large for dtype('float64').
[nltk_data] Downloading package reuters to ../data...
[nltk_data]   Package reuters is already up-to-date!
Better speed can be achieved with apex installed from https://www.github.com/nvidia/apex.
Traceback (most recent call last):
  File "main_vae_attention.py", line 146, in <module>
    main()
  File "/home/minjaesong/anaconda3/envs/CVDD/lib/python3.7/site-packages/click/core.py", line 764, in __call__
    return self.main(*args, **kwargs)
  File "/home/minjaesong/anaconda3/envs/CVDD/lib/python3.7/site-packages/click/core.py", line 717, in main
    rv = self.invoke(ctx)
  File "/home/minjaesong/anaconda3/envs/CVDD/lib/python3.7/site-packages/click/core.py", line 956, in invoke
    return ctx.invoke(self.callback, **ctx.params)
  File "/home/minjaesong/anaconda3/envs/CVDD/lib/python3.7/site-packages/click/core.py", line 555, in invoke
    return callback(*args, **kwargs)
  File "main_vae_attention.py", line 142, in main
    auc_value = roc_auc_score(labels, scores)
  File "/home/minjaesong/anaconda3/envs/CVDD/lib/python3.7/site-packages/sklearn/metrics/ranking.py", line 355, in roc_auc_score
    sample_weight=sample_weight)
  File "/home/minjaesong/anaconda3/envs/CVDD/lib/python3.7/site-packages/sklearn/metrics/base.py", line 76, in _average_binary_score
    return binary_metric(y_true, y_score, sample_weight=sample_weight)
  File "/home/minjaesong/anaconda3/envs/CVDD/lib/python3.7/site-packages/sklearn/metrics/ranking.py", line 327, in _binary_roc_auc_score
    sample_weight=sample_weight)
  File "/home/minjaesong/anaconda3/envs/CVDD/lib/python3.7/site-packages/sklearn/metrics/ranking.py", line 622, in roc_curve
    y_true, y_score, pos_label=pos_label, sample_weight=sample_weight)
  File "/home/minjaesong/anaconda3/envs/CVDD/lib/python3.7/site-packages/sklearn/metrics/ranking.py", line 402, in _binary_clf_curve
    assert_all_finite(y_score)
  File "/home/minjaesong/anaconda3/envs/CVDD/lib/python3.7/site-packages/sklearn/utils/validation.py", line 72, in assert_all_finite
    _assert_all_finite(X.data if sp.issparse(X) else X, allow_nan)
  File "/home/minjaesong/anaconda3/envs/CVDD/lib/python3.7/site-packages/sklearn/utils/validation.py", line 56, in _assert_all_finite
    raise ValueError(msg_err.format(type_err, X.dtype))
ValueError: Input contains NaN, infinity or a value too large for dtype('float64').
[nltk_data] Downloading package reuters to ../data...
[nltk_data]   Package reuters is already up-to-date!
Better speed can be achieved with apex installed from https://www.github.com/nvidia/apex.
Traceback (most recent call last):
  File "main_vae_attention.py", line 146, in <module>
    main()
  File "/home/minjaesong/anaconda3/envs/CVDD/lib/python3.7/site-packages/click/core.py", line 764, in __call__
    return self.main(*args, **kwargs)
  File "/home/minjaesong/anaconda3/envs/CVDD/lib/python3.7/site-packages/click/core.py", line 717, in main
    rv = self.invoke(ctx)
  File "/home/minjaesong/anaconda3/envs/CVDD/lib/python3.7/site-packages/click/core.py", line 956, in invoke
    return ctx.invoke(self.callback, **ctx.params)
  File "/home/minjaesong/anaconda3/envs/CVDD/lib/python3.7/site-packages/click/core.py", line 555, in invoke
    return callback(*args, **kwargs)
  File "main_vae_attention.py", line 142, in main
    auc_value = roc_auc_score(labels, scores)
  File "/home/minjaesong/anaconda3/envs/CVDD/lib/python3.7/site-packages/sklearn/metrics/ranking.py", line 355, in roc_auc_score
    sample_weight=sample_weight)
  File "/home/minjaesong/anaconda3/envs/CVDD/lib/python3.7/site-packages/sklearn/metrics/base.py", line 76, in _average_binary_score
    return binary_metric(y_true, y_score, sample_weight=sample_weight)
  File "/home/minjaesong/anaconda3/envs/CVDD/lib/python3.7/site-packages/sklearn/metrics/ranking.py", line 327, in _binary_roc_auc_score
    sample_weight=sample_weight)
  File "/home/minjaesong/anaconda3/envs/CVDD/lib/python3.7/site-packages/sklearn/metrics/ranking.py", line 622, in roc_curve
    y_true, y_score, pos_label=pos_label, sample_weight=sample_weight)
  File "/home/minjaesong/anaconda3/envs/CVDD/lib/python3.7/site-packages/sklearn/metrics/ranking.py", line 402, in _binary_clf_curve
    assert_all_finite(y_score)
  File "/home/minjaesong/anaconda3/envs/CVDD/lib/python3.7/site-packages/sklearn/utils/validation.py", line 72, in assert_all_finite
    _assert_all_finite(X.data if sp.issparse(X) else X, allow_nan)
  File "/home/minjaesong/anaconda3/envs/CVDD/lib/python3.7/site-packages/sklearn/utils/validation.py", line 56, in _assert_all_finite
    raise ValueError(msg_err.format(type_err, X.dtype))
ValueError: Input contains NaN, infinity or a value too large for dtype('float64').
4 !!!
[nltk_data] Downloading package reuters to ../data...
[nltk_data]   Package reuters is already up-to-date!
Better speed can be achieved with apex installed from https://www.github.com/nvidia/apex.
Traceback (most recent call last):
  File "main_vae_attention.py", line 146, in <module>
    main()
  File "/home/minjaesong/anaconda3/envs/CVDD/lib/python3.7/site-packages/click/core.py", line 764, in __call__
    return self.main(*args, **kwargs)
  File "/home/minjaesong/anaconda3/envs/CVDD/lib/python3.7/site-packages/click/core.py", line 717, in main
    rv = self.invoke(ctx)
  File "/home/minjaesong/anaconda3/envs/CVDD/lib/python3.7/site-packages/click/core.py", line 956, in invoke
    return ctx.invoke(self.callback, **ctx.params)
  File "/home/minjaesong/anaconda3/envs/CVDD/lib/python3.7/site-packages/click/core.py", line 555, in invoke
    return callback(*args, **kwargs)
  File "main_vae_attention.py", line 142, in main
    auc_value = roc_auc_score(labels, scores)
  File "/home/minjaesong/anaconda3/envs/CVDD/lib/python3.7/site-packages/sklearn/metrics/ranking.py", line 355, in roc_auc_score
    sample_weight=sample_weight)
  File "/home/minjaesong/anaconda3/envs/CVDD/lib/python3.7/site-packages/sklearn/metrics/base.py", line 76, in _average_binary_score
    return binary_metric(y_true, y_score, sample_weight=sample_weight)
  File "/home/minjaesong/anaconda3/envs/CVDD/lib/python3.7/site-packages/sklearn/metrics/ranking.py", line 327, in _binary_roc_auc_score
    sample_weight=sample_weight)
  File "/home/minjaesong/anaconda3/envs/CVDD/lib/python3.7/site-packages/sklearn/metrics/ranking.py", line 622, in roc_curve
    y_true, y_score, pos_label=pos_label, sample_weight=sample_weight)
  File "/home/minjaesong/anaconda3/envs/CVDD/lib/python3.7/site-packages/sklearn/metrics/ranking.py", line 402, in _binary_clf_curve
    assert_all_finite(y_score)
  File "/home/minjaesong/anaconda3/envs/CVDD/lib/python3.7/site-packages/sklearn/utils/validation.py", line 72, in assert_all_finite
    _assert_all_finite(X.data if sp.issparse(X) else X, allow_nan)
  File "/home/minjaesong/anaconda3/envs/CVDD/lib/python3.7/site-packages/sklearn/utils/validation.py", line 56, in _assert_all_finite
    raise ValueError(msg_err.format(type_err, X.dtype))
ValueError: Input contains NaN, infinity or a value too large for dtype('float64').
[nltk_data] Downloading package reuters to ../data...
[nltk_data]   Package reuters is already up-to-date!
Better speed can be achieved with apex installed from https://www.github.com/nvidia/apex.
Traceback (most recent call last):
  File "main_vae_attention.py", line 146, in <module>
    main()
  File "/home/minjaesong/anaconda3/envs/CVDD/lib/python3.7/site-packages/click/core.py", line 764, in __call__
    return self.main(*args, **kwargs)
  File "/home/minjaesong/anaconda3/envs/CVDD/lib/python3.7/site-packages/click/core.py", line 717, in main
    rv = self.invoke(ctx)
  File "/home/minjaesong/anaconda3/envs/CVDD/lib/python3.7/site-packages/click/core.py", line 956, in invoke
    return ctx.invoke(self.callback, **ctx.params)
  File "/home/minjaesong/anaconda3/envs/CVDD/lib/python3.7/site-packages/click/core.py", line 555, in invoke
    return callback(*args, **kwargs)
  File "main_vae_attention.py", line 142, in main
    auc_value = roc_auc_score(labels, scores)
  File "/home/minjaesong/anaconda3/envs/CVDD/lib/python3.7/site-packages/sklearn/metrics/ranking.py", line 355, in roc_auc_score
    sample_weight=sample_weight)
  File "/home/minjaesong/anaconda3/envs/CVDD/lib/python3.7/site-packages/sklearn/metrics/base.py", line 76, in _average_binary_score
    return binary_metric(y_true, y_score, sample_weight=sample_weight)
  File "/home/minjaesong/anaconda3/envs/CVDD/lib/python3.7/site-packages/sklearn/metrics/ranking.py", line 327, in _binary_roc_auc_score
    sample_weight=sample_weight)
  File "/home/minjaesong/anaconda3/envs/CVDD/lib/python3.7/site-packages/sklearn/metrics/ranking.py", line 622, in roc_curve
    y_true, y_score, pos_label=pos_label, sample_weight=sample_weight)
  File "/home/minjaesong/anaconda3/envs/CVDD/lib/python3.7/site-packages/sklearn/metrics/ranking.py", line 402, in _binary_clf_curve
    assert_all_finite(y_score)
  File "/home/minjaesong/anaconda3/envs/CVDD/lib/python3.7/site-packages/sklearn/utils/validation.py", line 72, in assert_all_finite
    _assert_all_finite(X.data if sp.issparse(X) else X, allow_nan)
  File "/home/minjaesong/anaconda3/envs/CVDD/lib/python3.7/site-packages/sklearn/utils/validation.py", line 56, in _assert_all_finite
    raise ValueError(msg_err.format(type_err, X.dtype))
ValueError: Input contains NaN, infinity or a value too large for dtype('float64').
[nltk_data] Downloading package reuters to ../data...
[nltk_data]   Package reuters is already up-to-date!
Better speed can be achieved with apex installed from https://www.github.com/nvidia/apex.
Traceback (most recent call last):
  File "main_vae_attention.py", line 146, in <module>
    main()
  File "/home/minjaesong/anaconda3/envs/CVDD/lib/python3.7/site-packages/click/core.py", line 764, in __call__
    return self.main(*args, **kwargs)
  File "/home/minjaesong/anaconda3/envs/CVDD/lib/python3.7/site-packages/click/core.py", line 717, in main
    rv = self.invoke(ctx)
  File "/home/minjaesong/anaconda3/envs/CVDD/lib/python3.7/site-packages/click/core.py", line 956, in invoke
    return ctx.invoke(self.callback, **ctx.params)
  File "/home/minjaesong/anaconda3/envs/CVDD/lib/python3.7/site-packages/click/core.py", line 555, in invoke
    return callback(*args, **kwargs)
  File "main_vae_attention.py", line 142, in main
    auc_value = roc_auc_score(labels, scores)
  File "/home/minjaesong/anaconda3/envs/CVDD/lib/python3.7/site-packages/sklearn/metrics/ranking.py", line 355, in roc_auc_score
    sample_weight=sample_weight)
  File "/home/minjaesong/anaconda3/envs/CVDD/lib/python3.7/site-packages/sklearn/metrics/base.py", line 76, in _average_binary_score
    return binary_metric(y_true, y_score, sample_weight=sample_weight)
  File "/home/minjaesong/anaconda3/envs/CVDD/lib/python3.7/site-packages/sklearn/metrics/ranking.py", line 327, in _binary_roc_auc_score
    sample_weight=sample_weight)
  File "/home/minjaesong/anaconda3/envs/CVDD/lib/python3.7/site-packages/sklearn/metrics/ranking.py", line 622, in roc_curve
    y_true, y_score, pos_label=pos_label, sample_weight=sample_weight)
  File "/home/minjaesong/anaconda3/envs/CVDD/lib/python3.7/site-packages/sklearn/metrics/ranking.py", line 402, in _binary_clf_curve
    assert_all_finite(y_score)
  File "/home/minjaesong/anaconda3/envs/CVDD/lib/python3.7/site-packages/sklearn/utils/validation.py", line 72, in assert_all_finite
    _assert_all_finite(X.data if sp.issparse(X) else X, allow_nan)
  File "/home/minjaesong/anaconda3/envs/CVDD/lib/python3.7/site-packages/sklearn/utils/validation.py", line 56, in _assert_all_finite
    raise ValueError(msg_err.format(type_err, X.dtype))
ValueError: Input contains NaN, infinity or a value too large for dtype('float64').
5 !!!
[nltk_data] Downloading package reuters to ../data...
[nltk_data]   Package reuters is already up-to-date!
Better speed can be achieved with apex installed from https://www.github.com/nvidia/apex.
Traceback (most recent call last):
  File "main_vae_attention.py", line 146, in <module>
    main()
  File "/home/minjaesong/anaconda3/envs/CVDD/lib/python3.7/site-packages/click/core.py", line 764, in __call__
    return self.main(*args, **kwargs)
  File "/home/minjaesong/anaconda3/envs/CVDD/lib/python3.7/site-packages/click/core.py", line 717, in main
    rv = self.invoke(ctx)
  File "/home/minjaesong/anaconda3/envs/CVDD/lib/python3.7/site-packages/click/core.py", line 956, in invoke
    return ctx.invoke(self.callback, **ctx.params)
  File "/home/minjaesong/anaconda3/envs/CVDD/lib/python3.7/site-packages/click/core.py", line 555, in invoke
    return callback(*args, **kwargs)
  File "main_vae_attention.py", line 142, in main
    auc_value = roc_auc_score(labels, scores)
  File "/home/minjaesong/anaconda3/envs/CVDD/lib/python3.7/site-packages/sklearn/metrics/ranking.py", line 355, in roc_auc_score
    sample_weight=sample_weight)
  File "/home/minjaesong/anaconda3/envs/CVDD/lib/python3.7/site-packages/sklearn/metrics/base.py", line 76, in _average_binary_score
    return binary_metric(y_true, y_score, sample_weight=sample_weight)
  File "/home/minjaesong/anaconda3/envs/CVDD/lib/python3.7/site-packages/sklearn/metrics/ranking.py", line 327, in _binary_roc_auc_score
    sample_weight=sample_weight)
  File "/home/minjaesong/anaconda3/envs/CVDD/lib/python3.7/site-packages/sklearn/metrics/ranking.py", line 622, in roc_curve
    y_true, y_score, pos_label=pos_label, sample_weight=sample_weight)
  File "/home/minjaesong/anaconda3/envs/CVDD/lib/python3.7/site-packages/sklearn/metrics/ranking.py", line 402, in _binary_clf_curve
    assert_all_finite(y_score)
  File "/home/minjaesong/anaconda3/envs/CVDD/lib/python3.7/site-packages/sklearn/utils/validation.py", line 72, in assert_all_finite
    _assert_all_finite(X.data if sp.issparse(X) else X, allow_nan)
  File "/home/minjaesong/anaconda3/envs/CVDD/lib/python3.7/site-packages/sklearn/utils/validation.py", line 56, in _assert_all_finite
    raise ValueError(msg_err.format(type_err, X.dtype))
ValueError: Input contains NaN, infinity or a value too large for dtype('float64').
[nltk_data] Downloading package reuters to ../data...
[nltk_data]   Package reuters is already up-to-date!
Better speed can be achieved with apex installed from https://www.github.com/nvidia/apex.
Traceback (most recent call last):
  File "main_vae_attention.py", line 146, in <module>
    main()
  File "/home/minjaesong/anaconda3/envs/CVDD/lib/python3.7/site-packages/click/core.py", line 764, in __call__
    return self.main(*args, **kwargs)
  File "/home/minjaesong/anaconda3/envs/CVDD/lib/python3.7/site-packages/click/core.py", line 717, in main
    rv = self.invoke(ctx)
  File "/home/minjaesong/anaconda3/envs/CVDD/lib/python3.7/site-packages/click/core.py", line 956, in invoke
    return ctx.invoke(self.callback, **ctx.params)
  File "/home/minjaesong/anaconda3/envs/CVDD/lib/python3.7/site-packages/click/core.py", line 555, in invoke
    return callback(*args, **kwargs)
  File "main_vae_attention.py", line 142, in main
    auc_value = roc_auc_score(labels, scores)
  File "/home/minjaesong/anaconda3/envs/CVDD/lib/python3.7/site-packages/sklearn/metrics/ranking.py", line 355, in roc_auc_score
    sample_weight=sample_weight)
  File "/home/minjaesong/anaconda3/envs/CVDD/lib/python3.7/site-packages/sklearn/metrics/base.py", line 76, in _average_binary_score
    return binary_metric(y_true, y_score, sample_weight=sample_weight)
  File "/home/minjaesong/anaconda3/envs/CVDD/lib/python3.7/site-packages/sklearn/metrics/ranking.py", line 327, in _binary_roc_auc_score
    sample_weight=sample_weight)
  File "/home/minjaesong/anaconda3/envs/CVDD/lib/python3.7/site-packages/sklearn/metrics/ranking.py", line 622, in roc_curve
    y_true, y_score, pos_label=pos_label, sample_weight=sample_weight)
  File "/home/minjaesong/anaconda3/envs/CVDD/lib/python3.7/site-packages/sklearn/metrics/ranking.py", line 402, in _binary_clf_curve
    assert_all_finite(y_score)
  File "/home/minjaesong/anaconda3/envs/CVDD/lib/python3.7/site-packages/sklearn/utils/validation.py", line 72, in assert_all_finite
    _assert_all_finite(X.data if sp.issparse(X) else X, allow_nan)
  File "/home/minjaesong/anaconda3/envs/CVDD/lib/python3.7/site-packages/sklearn/utils/validation.py", line 56, in _assert_all_finite
    raise ValueError(msg_err.format(type_err, X.dtype))
ValueError: Input contains NaN, infinity or a value too large for dtype('float64').
[nltk_data] Downloading package reuters to ../data...
[nltk_data]   Package reuters is already up-to-date!
Better speed can be achieved with apex installed from https://www.github.com/nvidia/apex.
Traceback (most recent call last):
  File "main_vae_attention.py", line 146, in <module>
    main()
  File "/home/minjaesong/anaconda3/envs/CVDD/lib/python3.7/site-packages/click/core.py", line 764, in __call__
    return self.main(*args, **kwargs)
  File "/home/minjaesong/anaconda3/envs/CVDD/lib/python3.7/site-packages/click/core.py", line 717, in main
    rv = self.invoke(ctx)
  File "/home/minjaesong/anaconda3/envs/CVDD/lib/python3.7/site-packages/click/core.py", line 956, in invoke
    return ctx.invoke(self.callback, **ctx.params)
  File "/home/minjaesong/anaconda3/envs/CVDD/lib/python3.7/site-packages/click/core.py", line 555, in invoke
    return callback(*args, **kwargs)
  File "main_vae_attention.py", line 142, in main
    auc_value = roc_auc_score(labels, scores)
  File "/home/minjaesong/anaconda3/envs/CVDD/lib/python3.7/site-packages/sklearn/metrics/ranking.py", line 355, in roc_auc_score
    sample_weight=sample_weight)
  File "/home/minjaesong/anaconda3/envs/CVDD/lib/python3.7/site-packages/sklearn/metrics/base.py", line 76, in _average_binary_score
    return binary_metric(y_true, y_score, sample_weight=sample_weight)
  File "/home/minjaesong/anaconda3/envs/CVDD/lib/python3.7/site-packages/sklearn/metrics/ranking.py", line 327, in _binary_roc_auc_score
    sample_weight=sample_weight)
  File "/home/minjaesong/anaconda3/envs/CVDD/lib/python3.7/site-packages/sklearn/metrics/ranking.py", line 622, in roc_curve
    y_true, y_score, pos_label=pos_label, sample_weight=sample_weight)
  File "/home/minjaesong/anaconda3/envs/CVDD/lib/python3.7/site-packages/sklearn/metrics/ranking.py", line 402, in _binary_clf_curve
    assert_all_finite(y_score)
  File "/home/minjaesong/anaconda3/envs/CVDD/lib/python3.7/site-packages/sklearn/utils/validation.py", line 72, in assert_all_finite
    _assert_all_finite(X.data if sp.issparse(X) else X, allow_nan)
  File "/home/minjaesong/anaconda3/envs/CVDD/lib/python3.7/site-packages/sklearn/utils/validation.py", line 56, in _assert_all_finite
    raise ValueError(msg_err.format(type_err, X.dtype))
ValueError: Input contains NaN, infinity or a value too large for dtype('float64').
6 !!!
[nltk_data] Downloading package reuters to ../data...
[nltk_data]   Package reuters is already up-to-date!
Better speed can be achieved with apex installed from https://www.github.com/nvidia/apex.
Traceback (most recent call last):
  File "main_vae_attention.py", line 146, in <module>
    main()
  File "/home/minjaesong/anaconda3/envs/CVDD/lib/python3.7/site-packages/click/core.py", line 764, in __call__
    return self.main(*args, **kwargs)
  File "/home/minjaesong/anaconda3/envs/CVDD/lib/python3.7/site-packages/click/core.py", line 717, in main
    rv = self.invoke(ctx)
  File "/home/minjaesong/anaconda3/envs/CVDD/lib/python3.7/site-packages/click/core.py", line 956, in invoke
    return ctx.invoke(self.callback, **ctx.params)
  File "/home/minjaesong/anaconda3/envs/CVDD/lib/python3.7/site-packages/click/core.py", line 555, in invoke
    return callback(*args, **kwargs)
  File "main_vae_attention.py", line 142, in main
    auc_value = roc_auc_score(labels, scores)
  File "/home/minjaesong/anaconda3/envs/CVDD/lib/python3.7/site-packages/sklearn/metrics/ranking.py", line 355, in roc_auc_score
    sample_weight=sample_weight)
  File "/home/minjaesong/anaconda3/envs/CVDD/lib/python3.7/site-packages/sklearn/metrics/base.py", line 76, in _average_binary_score
    return binary_metric(y_true, y_score, sample_weight=sample_weight)
  File "/home/minjaesong/anaconda3/envs/CVDD/lib/python3.7/site-packages/sklearn/metrics/ranking.py", line 327, in _binary_roc_auc_score
    sample_weight=sample_weight)
  File "/home/minjaesong/anaconda3/envs/CVDD/lib/python3.7/site-packages/sklearn/metrics/ranking.py", line 622, in roc_curve
    y_true, y_score, pos_label=pos_label, sample_weight=sample_weight)
  File "/home/minjaesong/anaconda3/envs/CVDD/lib/python3.7/site-packages/sklearn/metrics/ranking.py", line 402, in _binary_clf_curve
    assert_all_finite(y_score)
  File "/home/minjaesong/anaconda3/envs/CVDD/lib/python3.7/site-packages/sklearn/utils/validation.py", line 72, in assert_all_finite
    _assert_all_finite(X.data if sp.issparse(X) else X, allow_nan)
  File "/home/minjaesong/anaconda3/envs/CVDD/lib/python3.7/site-packages/sklearn/utils/validation.py", line 56, in _assert_all_finite
    raise ValueError(msg_err.format(type_err, X.dtype))
ValueError: Input contains NaN, infinity or a value too large for dtype('float64').
[nltk_data] Downloading package reuters to ../data...
[nltk_data]   Package reuters is already up-to-date!
Better speed can be achieved with apex installed from https://www.github.com/nvidia/apex.
Traceback (most recent call last):
  File "main_vae_attention.py", line 146, in <module>
    main()
  File "/home/minjaesong/anaconda3/envs/CVDD/lib/python3.7/site-packages/click/core.py", line 764, in __call__
    return self.main(*args, **kwargs)
  File "/home/minjaesong/anaconda3/envs/CVDD/lib/python3.7/site-packages/click/core.py", line 717, in main
    rv = self.invoke(ctx)
  File "/home/minjaesong/anaconda3/envs/CVDD/lib/python3.7/site-packages/click/core.py", line 956, in invoke
    return ctx.invoke(self.callback, **ctx.params)
  File "/home/minjaesong/anaconda3/envs/CVDD/lib/python3.7/site-packages/click/core.py", line 555, in invoke
    return callback(*args, **kwargs)
  File "main_vae_attention.py", line 142, in main
    auc_value = roc_auc_score(labels, scores)
  File "/home/minjaesong/anaconda3/envs/CVDD/lib/python3.7/site-packages/sklearn/metrics/ranking.py", line 355, in roc_auc_score
    sample_weight=sample_weight)
  File "/home/minjaesong/anaconda3/envs/CVDD/lib/python3.7/site-packages/sklearn/metrics/base.py", line 76, in _average_binary_score
    return binary_metric(y_true, y_score, sample_weight=sample_weight)
  File "/home/minjaesong/anaconda3/envs/CVDD/lib/python3.7/site-packages/sklearn/metrics/ranking.py", line 327, in _binary_roc_auc_score
    sample_weight=sample_weight)
  File "/home/minjaesong/anaconda3/envs/CVDD/lib/python3.7/site-packages/sklearn/metrics/ranking.py", line 622, in roc_curve
    y_true, y_score, pos_label=pos_label, sample_weight=sample_weight)
  File "/home/minjaesong/anaconda3/envs/CVDD/lib/python3.7/site-packages/sklearn/metrics/ranking.py", line 402, in _binary_clf_curve
    assert_all_finite(y_score)
  File "/home/minjaesong/anaconda3/envs/CVDD/lib/python3.7/site-packages/sklearn/utils/validation.py", line 72, in assert_all_finite
    _assert_all_finite(X.data if sp.issparse(X) else X, allow_nan)
  File "/home/minjaesong/anaconda3/envs/CVDD/lib/python3.7/site-packages/sklearn/utils/validation.py", line 56, in _assert_all_finite
    raise ValueError(msg_err.format(type_err, X.dtype))
ValueError: Input contains NaN, infinity or a value too large for dtype('float64').
[nltk_data] Downloading package reuters to ../data...
[nltk_data]   Package reuters is already up-to-date!
Better speed can be achieved with apex installed from https://www.github.com/nvidia/apex.
Traceback (most recent call last):
  File "main_vae_attention.py", line 146, in <module>
    main()
  File "/home/minjaesong/anaconda3/envs/CVDD/lib/python3.7/site-packages/click/core.py", line 764, in __call__
    return self.main(*args, **kwargs)
  File "/home/minjaesong/anaconda3/envs/CVDD/lib/python3.7/site-packages/click/core.py", line 717, in main
    rv = self.invoke(ctx)
  File "/home/minjaesong/anaconda3/envs/CVDD/lib/python3.7/site-packages/click/core.py", line 956, in invoke
    return ctx.invoke(self.callback, **ctx.params)
  File "/home/minjaesong/anaconda3/envs/CVDD/lib/python3.7/site-packages/click/core.py", line 555, in invoke
    return callback(*args, **kwargs)
  File "main_vae_attention.py", line 142, in main
    auc_value = roc_auc_score(labels, scores)
  File "/home/minjaesong/anaconda3/envs/CVDD/lib/python3.7/site-packages/sklearn/metrics/ranking.py", line 355, in roc_auc_score
    sample_weight=sample_weight)
  File "/home/minjaesong/anaconda3/envs/CVDD/lib/python3.7/site-packages/sklearn/metrics/base.py", line 76, in _average_binary_score
    return binary_metric(y_true, y_score, sample_weight=sample_weight)
  File "/home/minjaesong/anaconda3/envs/CVDD/lib/python3.7/site-packages/sklearn/metrics/ranking.py", line 327, in _binary_roc_auc_score
    sample_weight=sample_weight)
  File "/home/minjaesong/anaconda3/envs/CVDD/lib/python3.7/site-packages/sklearn/metrics/ranking.py", line 622, in roc_curve
    y_true, y_score, pos_label=pos_label, sample_weight=sample_weight)
  File "/home/minjaesong/anaconda3/envs/CVDD/lib/python3.7/site-packages/sklearn/metrics/ranking.py", line 402, in _binary_clf_curve
    assert_all_finite(y_score)
  File "/home/minjaesong/anaconda3/envs/CVDD/lib/python3.7/site-packages/sklearn/utils/validation.py", line 72, in assert_all_finite
    _assert_all_finite(X.data if sp.issparse(X) else X, allow_nan)
  File "/home/minjaesong/anaconda3/envs/CVDD/lib/python3.7/site-packages/sklearn/utils/validation.py", line 56, in _assert_all_finite
    raise ValueError(msg_err.format(type_err, X.dtype))
ValueError: Input contains NaN, infinity or a value too large for dtype('float64').
!!
Better speed can be achieved with apex installed from https://www.github.com/nvidia/apex.
Traceback (most recent call last):
  File "main_vae_attention.py", line 146, in <module>
    main()
  File "/home/minjaesong/anaconda3/envs/CVDD/lib/python3.7/site-packages/click/core.py", line 764, in __call__
    return self.main(*args, **kwargs)
  File "/home/minjaesong/anaconda3/envs/CVDD/lib/python3.7/site-packages/click/core.py", line 717, in main
    rv = self.invoke(ctx)
  File "/home/minjaesong/anaconda3/envs/CVDD/lib/python3.7/site-packages/click/core.py", line 956, in invoke
    return ctx.invoke(self.callback, **ctx.params)
  File "/home/minjaesong/anaconda3/envs/CVDD/lib/python3.7/site-packages/click/core.py", line 555, in invoke
    return callback(*args, **kwargs)
  File "main_vae_attention.py", line 142, in main
    auc_value = roc_auc_score(labels, scores)
  File "/home/minjaesong/anaconda3/envs/CVDD/lib/python3.7/site-packages/sklearn/metrics/ranking.py", line 355, in roc_auc_score
    sample_weight=sample_weight)
  File "/home/minjaesong/anaconda3/envs/CVDD/lib/python3.7/site-packages/sklearn/metrics/base.py", line 76, in _average_binary_score
    return binary_metric(y_true, y_score, sample_weight=sample_weight)
  File "/home/minjaesong/anaconda3/envs/CVDD/lib/python3.7/site-packages/sklearn/metrics/ranking.py", line 327, in _binary_roc_auc_score
    sample_weight=sample_weight)
  File "/home/minjaesong/anaconda3/envs/CVDD/lib/python3.7/site-packages/sklearn/metrics/ranking.py", line 622, in roc_curve
    y_true, y_score, pos_label=pos_label, sample_weight=sample_weight)
  File "/home/minjaesong/anaconda3/envs/CVDD/lib/python3.7/site-packages/sklearn/metrics/ranking.py", line 402, in _binary_clf_curve
    assert_all_finite(y_score)
  File "/home/minjaesong/anaconda3/envs/CVDD/lib/python3.7/site-packages/sklearn/utils/validation.py", line 72, in assert_all_finite
    _assert_all_finite(X.data if sp.issparse(X) else X, allow_nan)
  File "/home/minjaesong/anaconda3/envs/CVDD/lib/python3.7/site-packages/sklearn/utils/validation.py", line 56, in _assert_all_finite
    raise ValueError(msg_err.format(type_err, X.dtype))
ValueError: Input contains NaN, infinity or a value too large for dtype('float64').
Better speed can be achieved with apex installed from https://www.github.com/nvidia/apex.
Traceback (most recent call last):
  File "main_vae_attention.py", line 146, in <module>
    main()
  File "/home/minjaesong/anaconda3/envs/CVDD/lib/python3.7/site-packages/click/core.py", line 764, in __call__
    return self.main(*args, **kwargs)
  File "/home/minjaesong/anaconda3/envs/CVDD/lib/python3.7/site-packages/click/core.py", line 717, in main
    rv = self.invoke(ctx)
  File "/home/minjaesong/anaconda3/envs/CVDD/lib/python3.7/site-packages/click/core.py", line 956, in invoke
    return ctx.invoke(self.callback, **ctx.params)
  File "/home/minjaesong/anaconda3/envs/CVDD/lib/python3.7/site-packages/click/core.py", line 555, in invoke
    return callback(*args, **kwargs)
  File "main_vae_attention.py", line 142, in main
    auc_value = roc_auc_score(labels, scores)
  File "/home/minjaesong/anaconda3/envs/CVDD/lib/python3.7/site-packages/sklearn/metrics/ranking.py", line 355, in roc_auc_score
    sample_weight=sample_weight)
  File "/home/minjaesong/anaconda3/envs/CVDD/lib/python3.7/site-packages/sklearn/metrics/base.py", line 76, in _average_binary_score
    return binary_metric(y_true, y_score, sample_weight=sample_weight)
  File "/home/minjaesong/anaconda3/envs/CVDD/lib/python3.7/site-packages/sklearn/metrics/ranking.py", line 327, in _binary_roc_auc_score
    sample_weight=sample_weight)
  File "/home/minjaesong/anaconda3/envs/CVDD/lib/python3.7/site-packages/sklearn/metrics/ranking.py", line 622, in roc_curve
    y_true, y_score, pos_label=pos_label, sample_weight=sample_weight)
  File "/home/minjaesong/anaconda3/envs/CVDD/lib/python3.7/site-packages/sklearn/metrics/ranking.py", line 402, in _binary_clf_curve
    assert_all_finite(y_score)
  File "/home/minjaesong/anaconda3/envs/CVDD/lib/python3.7/site-packages/sklearn/utils/validation.py", line 72, in assert_all_finite
    _assert_all_finite(X.data if sp.issparse(X) else X, allow_nan)
  File "/home/minjaesong/anaconda3/envs/CVDD/lib/python3.7/site-packages/sklearn/utils/validation.py", line 56, in _assert_all_finite
    raise ValueError(msg_err.format(type_err, X.dtype))
ValueError: Input contains NaN, infinity or a value too large for dtype('float64').
Better speed can be achieved with apex installed from https://www.github.com/nvidia/apex.
Traceback (most recent call last):
  File "main_vae_attention.py", line 146, in <module>
    main()
  File "/home/minjaesong/anaconda3/envs/CVDD/lib/python3.7/site-packages/click/core.py", line 764, in __call__
    return self.main(*args, **kwargs)
  File "/home/minjaesong/anaconda3/envs/CVDD/lib/python3.7/site-packages/click/core.py", line 717, in main
    rv = self.invoke(ctx)
  File "/home/minjaesong/anaconda3/envs/CVDD/lib/python3.7/site-packages/click/core.py", line 956, in invoke
    return ctx.invoke(self.callback, **ctx.params)
  File "/home/minjaesong/anaconda3/envs/CVDD/lib/python3.7/site-packages/click/core.py", line 555, in invoke
    return callback(*args, **kwargs)
  File "main_vae_attention.py", line 142, in main
    auc_value = roc_auc_score(labels, scores)
  File "/home/minjaesong/anaconda3/envs/CVDD/lib/python3.7/site-packages/sklearn/metrics/ranking.py", line 355, in roc_auc_score
    sample_weight=sample_weight)
  File "/home/minjaesong/anaconda3/envs/CVDD/lib/python3.7/site-packages/sklearn/metrics/base.py", line 76, in _average_binary_score
    return binary_metric(y_true, y_score, sample_weight=sample_weight)
  File "/home/minjaesong/anaconda3/envs/CVDD/lib/python3.7/site-packages/sklearn/metrics/ranking.py", line 327, in _binary_roc_auc_score
    sample_weight=sample_weight)
  File "/home/minjaesong/anaconda3/envs/CVDD/lib/python3.7/site-packages/sklearn/metrics/ranking.py", line 622, in roc_curve
    y_true, y_score, pos_label=pos_label, sample_weight=sample_weight)
  File "/home/minjaesong/anaconda3/envs/CVDD/lib/python3.7/site-packages/sklearn/metrics/ranking.py", line 402, in _binary_clf_curve
    assert_all_finite(y_score)
  File "/home/minjaesong/anaconda3/envs/CVDD/lib/python3.7/site-packages/sklearn/utils/validation.py", line 72, in assert_all_finite
    _assert_all_finite(X.data if sp.issparse(X) else X, allow_nan)
  File "/home/minjaesong/anaconda3/envs/CVDD/lib/python3.7/site-packages/sklearn/utils/validation.py", line 56, in _assert_all_finite
    raise ValueError(msg_err.format(type_err, X.dtype))
ValueError: Input contains NaN, infinity or a value too large for dtype('float64').
!!
Better speed can be achieved with apex installed from https://www.github.com/nvidia/apex.
Traceback (most recent call last):
  File "main_vae_attention.py", line 146, in <module>
    if __name__ == '__main__':
  File "/home/minjaesong/anaconda3/envs/CVDD/lib/python3.7/site-packages/click/core.py", line 764, in __call__
    return self.main(*args, **kwargs)
  File "/home/minjaesong/anaconda3/envs/CVDD/lib/python3.7/site-packages/click/core.py", line 717, in main
    rv = self.invoke(ctx)
  File "/home/minjaesong/anaconda3/envs/CVDD/lib/python3.7/site-packages/click/core.py", line 956, in invoke
    return ctx.invoke(self.callback, **ctx.params)
  File "/home/minjaesong/anaconda3/envs/CVDD/lib/python3.7/site-packages/click/core.py", line 555, in invoke
    return callback(*args, **kwargs)
  File "main_vae_attention.py", line 142, in main
    
  File "/home/minjaesong/anaconda3/envs/CVDD/lib/python3.7/site-packages/sklearn/metrics/ranking.py", line 355, in roc_auc_score
    sample_weight=sample_weight)
  File "/home/minjaesong/anaconda3/envs/CVDD/lib/python3.7/site-packages/sklearn/metrics/base.py", line 76, in _average_binary_score
    return binary_metric(y_true, y_score, sample_weight=sample_weight)
  File "/home/minjaesong/anaconda3/envs/CVDD/lib/python3.7/site-packages/sklearn/metrics/ranking.py", line 327, in _binary_roc_auc_score
    sample_weight=sample_weight)
  File "/home/minjaesong/anaconda3/envs/CVDD/lib/python3.7/site-packages/sklearn/metrics/ranking.py", line 622, in roc_curve
    y_true, y_score, pos_label=pos_label, sample_weight=sample_weight)
  File "/home/minjaesong/anaconda3/envs/CVDD/lib/python3.7/site-packages/sklearn/metrics/ranking.py", line 402, in _binary_clf_curve
    assert_all_finite(y_score)
  File "/home/minjaesong/anaconda3/envs/CVDD/lib/python3.7/site-packages/sklearn/utils/validation.py", line 72, in assert_all_finite
    _assert_all_finite(X.data if sp.issparse(X) else X, allow_nan)
  File "/home/minjaesong/anaconda3/envs/CVDD/lib/python3.7/site-packages/sklearn/utils/validation.py", line 56, in _assert_all_finite
    raise ValueError(msg_err.format(type_err, X.dtype))
ValueError: Input contains NaN, infinity or a value too large for dtype('float64').
Better speed can be achieved with apex installed from https://www.github.com/nvidia/apex.
Test AUC: 60.60%
Better speed can be achieved with apex installed from https://www.github.com/nvidia/apex.
Test AUC: 59.21%
!!
Better speed can be achieved with apex installed from https://www.github.com/nvidia/apex.
Test AUC: 54.81%
Better speed can be achieved with apex installed from https://www.github.com/nvidia/apex.
Test AUC: 53.11%
Better speed can be achieved with apex installed from https://www.github.com/nvidia/apex.
Test AUC: 53.87%
!!
Better speed can be achieved with apex installed from https://www.github.com/nvidia/apex.
Test AUC: 46.18%
Better speed can be achieved with apex installed from https://www.github.com/nvidia/apex.
Test AUC: 46.32%
Better speed can be achieved with apex installed from https://www.github.com/nvidia/apex.
Test AUC: 42.91%
!!
Better speed can be achieved with apex installed from https://www.github.com/nvidia/apex.
Test AUC: 58.56%
Better speed can be achieved with apex installed from https://www.github.com/nvidia/apex.
Test AUC: 59.57%
Better speed can be achieved with apex installed from https://www.github.com/nvidia/apex.
Test AUC: 59.65%
!!
Better speed can be achieved with apex installed from https://www.github.com/nvidia/apex.
Test AUC: 62.20%
Better speed can be achieved with apex installed from https://www.github.com/nvidia/apex.
Test AUC: 59.77%
Better speed can be achieved with apex installed from https://www.github.com/nvidia/apex.
Test AUC: 64.78%
0 !!!
[nltk_data] Downloading package reuters to ../data...
[nltk_data]   Package reuters is already up-to-date!
Better speed can be achieved with apex installed from https://www.github.com/nvidia/apex.
Test AUC: 41.59%
[nltk_data] Downloading package reuters to ../data...
[nltk_data]   Package reuters is already up-to-date!
Better speed can be achieved with apex installed from https://www.github.com/nvidia/apex.
Test AUC: 41.72%
[nltk_data] Downloading package reuters to ../data...
[nltk_data]   Package reuters is already up-to-date!
Better speed can be achieved with apex installed from https://www.github.com/nvidia/apex.
Test AUC: 41.74%
1 !!!
[nltk_data] Downloading package reuters to ../data...
[nltk_data]   Package reuters is already up-to-date!
Better speed can be achieved with apex installed from https://www.github.com/nvidia/apex.
Test AUC: 63.55%
[nltk_data] Downloading package reuters to ../data...
[nltk_data]   Package reuters is already up-to-date!
Better speed can be achieved with apex installed from https://www.github.com/nvidia/apex.
Test AUC: 65.00%
[nltk_data] Downloading package reuters to ../data...
[nltk_data]   Package reuters is already up-to-date!
Better speed can be achieved with apex installed from https://www.github.com/nvidia/apex.
Test AUC: 69.04%
2 !!!
[nltk_data] Downloading package reuters to ../data...
[nltk_data]   Package reuters is already up-to-date!
Better speed can be achieved with apex installed from https://www.github.com/nvidia/apex.
Test AUC: 73.21%
[nltk_data] Downloading package reuters to ../data...
[nltk_data]   Package reuters is already up-to-date!
Better speed can be achieved with apex installed from https://www.github.com/nvidia/apex.
Test AUC: 73.48%
[nltk_data] Downloading package reuters to ../data...
[nltk_data]   Package reuters is already up-to-date!
Better speed can be achieved with apex installed from https://www.github.com/nvidia/apex.
Test AUC: 74.09%
3 !!!
[nltk_data] Downloading package reuters to ../data...
[nltk_data]   Package reuters is already up-to-date!
Better speed can be achieved with apex installed from https://www.github.com/nvidia/apex.
Test AUC: 82.99%
[nltk_data] Downloading package reuters to ../data...
[nltk_data]   Package reuters is already up-to-date!
Better speed can be achieved with apex installed from https://www.github.com/nvidia/apex.
Test AUC: 83.36%
[nltk_data] Downloading package reuters to ../data...
[nltk_data]   Package reuters is already up-to-date!
Better speed can be achieved with apex installed from https://www.github.com/nvidia/apex.
Test AUC: 84.02%
4 !!!
[nltk_data] Downloading package reuters to ../data...
[nltk_data]   Package reuters is already up-to-date!
Better speed can be achieved with apex installed from https://www.github.com/nvidia/apex.
Test AUC: 81.61%
[nltk_data] Downloading package reuters to ../data...
[nltk_data]   Package reuters is already up-to-date!
Better speed can be achieved with apex installed from https://www.github.com/nvidia/apex.
Test AUC: 82.81%
[nltk_data] Downloading package reuters to ../data...
[nltk_data]   Package reuters is already up-to-date!
Better speed can be achieved with apex installed from https://www.github.com/nvidia/apex.
Test AUC: 83.22%
5 !!!
[nltk_data] Downloading package reuters to ../data...
[nltk_data]   Package reuters is already up-to-date!
Better speed can be achieved with apex installed from https://www.github.com/nvidia/apex.
Test AUC: 79.01%
[nltk_data] Downloading package reuters to ../data...
[nltk_data]   Package reuters is already up-to-date!
Better speed can be achieved with apex installed from https://www.github.com/nvidia/apex.
Test AUC: 80.66%
[nltk_data] Downloading package reuters to ../data...
[nltk_data]   Package reuters is already up-to-date!
Better speed can be achieved with apex installed from https://www.github.com/nvidia/apex.
Test AUC: 82.25%
6 !!!
[nltk_data] Downloading package reuters to ../data...
[nltk_data]   Package reuters is already up-to-date!
Better speed can be achieved with apex installed from https://www.github.com/nvidia/apex.
Test AUC: 81.07%
[nltk_data] Downloading package reuters to ../data...
[nltk_data]   Package reuters is already up-to-date!
Better speed can be achieved with apex installed from https://www.github.com/nvidia/apex.
Test AUC: 81.14%
[nltk_data] Downloading package reuters to ../data...
[nltk_data]   Package reuters is already up-to-date!
Better speed can be achieved with apex installed from https://www.github.com/nvidia/apex.
Test AUC: 81.38%
!!
Better speed can be achieved with apex installed from https://www.github.com/nvidia/apex.
Test AUC: 49.63%
Better speed can be achieved with apex installed from https://www.github.com/nvidia/apex.
Test AUC: 49.14%
Better speed can be achieved with apex installed from https://www.github.com/nvidia/apex.
Test AUC: 49.17%
!!
Better speed can be achieved with apex installed from https://www.github.com/nvidia/apex.
Test AUC: 58.50%
Better speed can be achieved with apex installed from https://www.github.com/nvidia/apex.
Test AUC: 57.66%
Better speed can be achieved with apex installed from https://www.github.com/nvidia/apex.
Test AUC: 59.17%
!!
Better speed can be achieved with apex installed from https://www.github.com/nvidia/apex.
Test AUC: 52.69%
Better speed can be achieved with apex installed from https://www.github.com/nvidia/apex.
Test AUC: 53.67%
Better speed can be achieved with apex installed from https://www.github.com/nvidia/apex.
Test AUC: 53.89%
!!
Better speed can be achieved with apex installed from https://www.github.com/nvidia/apex.
Test AUC: 46.41%
Better speed can be achieved with apex installed from https://www.github.com/nvidia/apex.
Test AUC: 47.63%
Better speed can be achieved with apex installed from https://www.github.com/nvidia/apex.
Test AUC: 45.16%
!!
Better speed can be achieved with apex installed from https://www.github.com/nvidia/apex.
Test AUC: 60.07%
Better speed can be achieved with apex installed from https://www.github.com/nvidia/apex.
Test AUC: 60.44%
Better speed can be achieved with apex installed from https://www.github.com/nvidia/apex.
Test AUC: 61.10%
!!
Better speed can be achieved with apex installed from https://www.github.com/nvidia/apex.
Test AUC: 62.08%
Better speed can be achieved with apex installed from https://www.github.com/nvidia/apex.
Test AUC: 62.60%
Better speed can be achieved with apex installed from https://www.github.com/nvidia/apex.
Test AUC: 61.97%
0 !!!
[nltk_data] Downloading package reuters to ../data...
[nltk_data]   Package reuters is already up-to-date!
Better speed can be achieved with apex installed from https://www.github.com/nvidia/apex.
Test AUC: 40.79%
[nltk_data] Downloading package reuters to ../data...
[nltk_data]   Package reuters is already up-to-date!
Better speed can be achieved with apex installed from https://www.github.com/nvidia/apex.
Test AUC: 41.58%
[nltk_data] Downloading package reuters to ../data...
[nltk_data]   Package reuters is already up-to-date!
Better speed can be achieved with apex installed from https://www.github.com/nvidia/apex.
Test AUC: 34.47%
1 !!!
[nltk_data] Downloading package reuters to ../data...
[nltk_data]   Package reuters is already up-to-date!
Better speed can be achieved with apex installed from https://www.github.com/nvidia/apex.
Test AUC: 62.01%
[nltk_data] Downloading package reuters to ../data...
[nltk_data]   Package reuters is already up-to-date!
Better speed can be achieved with apex installed from https://www.github.com/nvidia/apex.
Test AUC: 62.58%
[nltk_data] Downloading package reuters to ../data...
[nltk_data]   Package reuters is already up-to-date!
Better speed can be achieved with apex installed from https://www.github.com/nvidia/apex.
Test AUC: 68.08%
2 !!!
[nltk_data] Downloading package reuters to ../data...
[nltk_data]   Package reuters is already up-to-date!
Better speed can be achieved with apex installed from https://www.github.com/nvidia/apex.
Test AUC: 69.32%
[nltk_data] Downloading package reuters to ../data...
[nltk_data]   Package reuters is already up-to-date!
Better speed can be achieved with apex installed from https://www.github.com/nvidia/apex.
Test AUC: 71.92%
[nltk_data] Downloading package reuters to ../data...
[nltk_data]   Package reuters is already up-to-date!
Better speed can be achieved with apex installed from https://www.github.com/nvidia/apex.
Test AUC: 74.31%
3 !!!
[nltk_data] Downloading package reuters to ../data...
[nltk_data]   Package reuters is already up-to-date!
Better speed can be achieved with apex installed from https://www.github.com/nvidia/apex.
Test AUC: 82.45%
[nltk_data] Downloading package reuters to ../data...
[nltk_data]   Package reuters is already up-to-date!
Better speed can be achieved with apex installed from https://www.github.com/nvidia/apex.
Test AUC: 83.27%
[nltk_data] Downloading package reuters to ../data...
[nltk_data]   Package reuters is already up-to-date!
Better speed can be achieved with apex installed from https://www.github.com/nvidia/apex.
Test AUC: 83.91%
4 !!!
[nltk_data] Downloading package reuters to ../data...
[nltk_data]   Package reuters is already up-to-date!
Better speed can be achieved with apex installed from https://www.github.com/nvidia/apex.
Test AUC: 65.53%
[nltk_data] Downloading package reuters to ../data...
[nltk_data]   Package reuters is already up-to-date!
Better speed can be achieved with apex installed from https://www.github.com/nvidia/apex.
Test AUC: 82.80%
[nltk_data] Downloading package reuters to ../data...
[nltk_data]   Package reuters is already up-to-date!
Better speed can be achieved with apex installed from https://www.github.com/nvidia/apex.
Test AUC: 83.48%
5 !!!
[nltk_data] Downloading package reuters to ../data...
[nltk_data]   Package reuters is already up-to-date!
Better speed can be achieved with apex installed from https://www.github.com/nvidia/apex.
Test AUC: 80.82%
[nltk_data] Downloading package reuters to ../data...
[nltk_data]   Package reuters is already up-to-date!
Better speed can be achieved with apex installed from https://www.github.com/nvidia/apex.
Test AUC: 79.47%
[nltk_data] Downloading package reuters to ../data...
[nltk_data]   Package reuters is already up-to-date!
Better speed can be achieved with apex installed from https://www.github.com/nvidia/apex.
Test AUC: 79.44%
6 !!!
[nltk_data] Downloading package reuters to ../data...
[nltk_data]   Package reuters is already up-to-date!
Better speed can be achieved with apex installed from https://www.github.com/nvidia/apex.
Test AUC: 81.30%
[nltk_data] Downloading package reuters to ../data...
[nltk_data]   Package reuters is already up-to-date!
Better speed can be achieved with apex installed from https://www.github.com/nvidia/apex.
Test AUC: 80.98%
[nltk_data] Downloading package reuters to ../data...
[nltk_data]   Package reuters is already up-to-date!
Better speed can be achieved with apex installed from https://www.github.com/nvidia/apex.
Test AUC: 81.60%
!!
Better speed can be achieved with apex installed from https://www.github.com/nvidia/apex.
Test AUC: 48.15%
Better speed can be achieved with apex installed from https://www.github.com/nvidia/apex.
Test AUC: 48.78%
Better speed can be achieved with apex installed from https://www.github.com/nvidia/apex.
Test AUC: 46.96%
!!
Better speed can be achieved with apex installed from https://www.github.com/nvidia/apex.
Test AUC: 59.81%
Better speed can be achieved with apex installed from https://www.github.com/nvidia/apex.
Test AUC: 60.17%
Better speed can be achieved with apex installed from https://www.github.com/nvidia/apex.
Test AUC: 60.30%
!!
Better speed can be achieved with apex installed from https://www.github.com/nvidia/apex.
Test AUC: 52.55%
Better speed can be achieved with apex installed from https://www.github.com/nvidia/apex.
Test AUC: 53.58%
Better speed can be achieved with apex installed from https://www.github.com/nvidia/apex.
Test AUC: 54.32%
!!
Better speed can be achieved with apex installed from https://www.github.com/nvidia/apex.
Test AUC: 46.74%
Better speed can be achieved with apex installed from https://www.github.com/nvidia/apex.
Test AUC: 46.78%
Better speed can be achieved with apex installed from https://www.github.com/nvidia/apex.
Test AUC: 45.00%
!!
Better speed can be achieved with apex installed from https://www.github.com/nvidia/apex.
Test AUC: 57.68%
Better speed can be achieved with apex installed from https://www.github.com/nvidia/apex.
Test AUC: 58.13%
Better speed can be achieved with apex installed from https://www.github.com/nvidia/apex.
Test AUC: 60.22%
!!
Better speed can be achieved with apex installed from https://www.github.com/nvidia/apex.
Test AUC: 62.40%
Better speed can be achieved with apex installed from https://www.github.com/nvidia/apex.
Test AUC: 63.28%
Better speed can be achieved with apex installed from https://www.github.com/nvidia/apex.
Test AUC: 61.31%
